<?xml version="1.0" encoding="UTF-8"?>
<!-- Generated by org.testng.reporters.JUnitXMLReporter -->
<testsuite hostname="LAPTOP-IQPVDVUP" ignored="0" name="Test" tests="4" failures="0" timestamp="2020-10-06T00:19:47 IST" time="0.047" errors="0">
  <testcase name="BrowserAUtomation" time="0.004" classname="Mavenjava2.SeleniumTest"/>
  <testcase name="elementsUi" time="0.001" classname="Mavenjava2.SeleniumTest"/>
  <testcase name="deleteTwitter" time="0.0" classname="Mavenjava2.RESTAPITest"/>
  <testcase name="postJira" time="0.002" classname="Mavenjava2.RESTAPITest"/>
</testsuite> <!-- Test -->
